<?xml version="1.0" encoding="UTF-8"?>
<!-- Generated by org.testng.reporters.JUnitReportReporter -->
<testsuite hostname="LAPTOP-8FRMBSEQ" failures="0" tests="4" name="Testcases.Registration_testcase" time="222.064" errors="0" timestamp="22 Aug 2020 02:50:06 GMT" skipped="0">
  <testcase classname="Testcases.Registration_testcase" name="registration" time="60.172"/>
  <testcase classname="Testcases.Registration_testcase" name="registration" time="45.374"/>
  <testcase classname="Testcases.Registration_testcase" name="registration" time="57.139"/>
  <testcase classname="Testcases.Registration_testcase" name="registration" time="59.379"/>
</testsuite> <!-- Testcases.Registration_testcase -->
