<?xml version="1.0" encoding="UTF-8"?>
<!-- Generated by org.testng.reporters.JUnitReportReporter -->
<testsuite hostname="LAPTOP-8FRMBSEQ" failures="0" tests="1" name="Testcases.HomePage_Testcases" time="33.756" errors="0" timestamp="22 Aug 2020 02:50:06 GMT" skipped="0">
  <testcase classname="Testcases.HomePage_Testcases" name="verifyhomepagetitle" time="33.756"/>
</testsuite> <!-- Testcases.HomePage_Testcases -->
